<?xml version="1.0" encoding="UTF-8"?>
<!-- Generated by org.testng.reporters.JUnitXMLReporter -->
<testsuite hostname="Lenovo-PC" ignored="0" name="Test" tests="12" failures="0" timestamp="24 May 2019 01:01:40 GMT" time="8.404" errors="0">
  <testcase name="postData" time="2.828" classname="TestFramework.optimizingPostData"/>
  <testcase name="postXMLData" time="0.411" classname="TestFramework.PostXMLData"/>
  <testcase name="postandDeleteData" time="0.508" classname="TestFramework.DeletePlace"/>
  <testcase name="getData" time="1.802" classname="TestFramework.GetData"/>
  <testcase name="addBook" time="0.24" classname="TestFramework.DynamicJson"/>
  <testcase name="addBook" time="0.241" classname="TestFramework.DynamicJson"/>
  <testcase name="addBook" time="0.229" classname="TestFramework.DynamicJson"/>
  <testcase name="createJiraIssue" time="0.224" classname="TestFramework.createIssue"/>
  <testcase name="postData" time="0.241" classname="TestFramework.PostData"/>
  <testcase name="updateJiraComment" time="0.163" classname="TestFramework.UpdateComment"/>
  <testcase name="createJiraComment" time="0.123" classname="TestFramework.CreateComment"/>
  <testcase name="excelDriven" time="1.353" classname="TestFramework.ExcelDriven"/>
</testsuite> <!-- Test -->
